<?xml version="1.0" encoding="UTF-8"?>
<testng-results ignored="0" total="1" passed="1" failed="0" skipped="0">
  <reporter-output>
    <line>
      <![CDATA[Element is Clicking[[ChromeDriver: chrome on WINDOWS (eaae86905588bcf48e1a7fbae2223358)] -> xpath: (//p[contains(text(),'Auto')])[1]]]]>
    </line>
  </reporter-output>
  <suite started-at="2022-06-20T08:38:09 EDT" name="Default suite" finished-at="2022-06-20T08:38:15 EDT" duration-ms="6616">
    <groups>
    </groups>
    <test started-at="2022-06-20T08:38:09 EDT" name="Default test" finished-at="2022-06-20T08:38:15 EDT" duration-ms="6616">
      <class name="progressisve.qa.test.AutoTest">
        <test-method is-config="true" signature="setUp()[pri:0, instance:progressisve.qa.test.AutoTest@35aea049]" started-at="2022-06-20T08:38:09 EDT" name="setUp" finished-at="2022-06-20T08:38:15 EDT" duration-ms="6201" status="PASS">
          <reporter-output>
          </reporter-output>
        </test-method> <!-- setUp -->
        <test-method signature="autoTest()[pri:0, instance:progressisve.qa.test.AutoTest@35aea049]" started-at="2022-06-20T08:38:15 EDT" name="autoTest" finished-at="2022-06-20T08:38:15 EDT" duration-ms="196" status="PASS">
          <reporter-output>
            <line>
              <![CDATA[Element is Clicking[[ChromeDriver: chrome on WINDOWS (eaae86905588bcf48e1a7fbae2223358)] -> xpath: (//p[contains(text(),'Auto')])[1]]]]>
            </line>
          </reporter-output>
        </test-method> <!-- autoTest -->
        <test-method is-config="true" signature="cleaningUp()[pri:0, instance:progressisve.qa.test.AutoTest@35aea049]" started-at="2022-06-20T08:38:15 EDT" name="cleaningUp" finished-at="2022-06-20T08:38:15 EDT" duration-ms="183" status="PASS">
          <reporter-output>
          </reporter-output>
        </test-method> <!-- cleaningUp -->
      </class> <!-- progressisve.qa.test.AutoTest -->
    </test> <!-- Default test -->
  </suite> <!-- Default suite -->
</testng-results>
