<?xml version="1.0" encoding="UTF-8"?>
<testng-results ignored="0" total="1" passed="1" failed="0" skipped="0">
  <reporter-output>
  </reporter-output>
  <suite started-at="2022-06-13T08:22:17 EDT" name="Default suite" finished-at="2022-06-13T08:22:29 EDT" duration-ms="11075">
    <groups>
    </groups>
    <test started-at="2022-06-13T08:22:17 EDT" name="Default test" finished-at="2022-06-13T08:22:29 EDT" duration-ms="11075">
      <class name="testPackage.TestSeleniumTestNG">
        <test-method signature="testMethod()[pri:0, instance:testPackage.TestSeleniumTestNG@383bfa16]" started-at="2022-06-13T08:22:18 EDT" name="testMethod" finished-at="2022-06-13T08:22:29 EDT" duration-ms="11033" status="PASS">
          <reporter-output>
          </reporter-output>
        </test-method> <!-- testMethod -->
      </class> <!-- testPackage.TestSeleniumTestNG -->
    </test> <!-- Default test -->
  </suite> <!-- Default suite -->
</testng-results>
